<?xml version="1.0" encoding="UTF-8" standalone="no" ?>
<testsuites>
  <testsuite errors="0" failures="0" name="BatteryHV_UnitTest" skipped="0" tests="15" time="108.0147">
    <testcase classname="BatteryHV_UnitTest" name="blockParameters_BatteryHV_Basic" time="3.7678"/>
    <testcase classname="BatteryHV_UnitTest" name="blockParameters_BatteryHV_Driveline" time="0.93516"/>
    <testcase classname="BatteryHV_UnitTest" name="blockParameters_BatteryHV_Electrical" time="0.94481"/>
    <testcase classname="BatteryHV_UnitTest" name="run_harness_model_with_Basic_refsub" time="10.782"/>
    <testcase classname="BatteryHV_UnitTest" name="run_harness_model_with_Driveline_refsub" time="6.4666"/>
    <testcase classname="BatteryHV_UnitTest" name="run_harness_model_with_Electrical_refsub" time="7.3277"/>
    <testcase classname="BatteryHV_UnitTest" name="input_Constant" time="0.054538"/>
    <testcase classname="BatteryHV_UnitTest" name="input_Charge" time="4.036"/>
    <testcase classname="BatteryHV_UnitTest" name="input_Discharge" time="0.88849"/>
    <testcase classname="BatteryHV_UnitTest" name="input_LoadCurrentStep3" time="3.4064"/>
    <testcase classname="BatteryHV_UnitTest" name="run_testcase_Charge" time="8.1067"/>
    <testcase classname="BatteryHV_UnitTest" name="run_testcase_Discharge" time="4.6254"/>
    <testcase classname="BatteryHV_UnitTest" name="run_testcase_LoadCurrentStep3" time="3.8163"/>
    <testcase classname="BatteryHV_UnitTest" name="run_main_script_1" time="33.2821"/>
    <testcase classname="BatteryHV_UnitTest" name="run_takeScreenshots" time="19.5746"/>
  </testsuite>
  <testsuite errors="0" failures="0" name="DrivePattern_UnitTest" skipped="0" tests="16" time="73.3667">
    <testcase classname="DrivePattern_UnitTest" name="run_harness_model_1" time="14.9248"/>
    <testcase classname="DrivePattern_UnitTest" name="input_Constant" time="0.075769"/>
    <testcase classname="DrivePattern_UnitTest" name="input_Step3" time="0.57117"/>
    <testcase classname="DrivePattern_UnitTest" name="input_Step5" time="0.33783"/>
    <testcase classname="DrivePattern_UnitTest" name="input_Accelerate_Decelerate" time="1.501"/>
    <testcase classname="DrivePattern_UnitTest" name="input_Accelerate_Decelerate_Twice" time="0.38259"/>
    <testcase classname="DrivePattern_UnitTest" name="input_SimpleDrivePattern" time="0.31145"/>
    <testcase classname="DrivePattern_UnitTest" name="input_FTP75" time="0.038384"/>
    <testcase classname="DrivePattern_UnitTest" name="run_testcase_1" time="8.8854"/>
    <testcase classname="DrivePattern_UnitTest" name="run_testcase_2" time="6.2447"/>
    <testcase classname="DrivePattern_UnitTest" name="run_testcase_3" time="5.8836"/>
    <testcase classname="DrivePattern_UnitTest" name="run_testcase_4" time="6.0131"/>
    <testcase classname="DrivePattern_UnitTest" name="run_testcase_5" time="6.4901"/>
    <testcase classname="DrivePattern_UnitTest" name="run_testcase_6" time="6.0805"/>
    <testcase classname="DrivePattern_UnitTest" name="run_testcase_7" time="5.8761"/>
    <testcase classname="DrivePattern_UnitTest" name="run_main_script_1" time="9.7502"/>
  </testsuite>
  <testsuite errors="0" failures="0" name="Engine_UnitTest" skipped="0" tests="10" time="41.6313">
    <testcase classname="Engine_UnitTest" name="defaultReferencedSubsystem_1" time="0.9654"/>
    <testcase classname="Engine_UnitTest" name="defaultReferencedSubsystem_2" time="0.9812"/>
    <testcase classname="Engine_UnitTest" name="run_harnessSimple_1" time="2.6893"/>
    <testcase classname="Engine_UnitTest" name="run_harnessSimple_2_1" time="4.9443"/>
    <testcase classname="Engine_UnitTest" name="run_harnessSimple_2_2" time="3.2596"/>
    <testcase classname="Engine_UnitTest" name="run_harnessPowerSplit_1" time="6.032"/>
    <testcase classname="Engine_UnitTest" name="run_harnessPowerSplit_2_1" time="7.1264"/>
    <testcase classname="Engine_UnitTest" name="run_harnessPowerSplit_2_2" time="5.4704"/>
    <testcase classname="Engine_UnitTest" name="plot_script_1" time="1.5435"/>
    <testcase classname="Engine_UnitTest" name="run_main_script_1" time="8.6192"/>
  </testsuite>
  <testsuite errors="0" failures="0" name="PowerSplitDriveUnit_UnitTest" skipped="0" tests="10" time="124.6578">
    <testcase classname="PowerSplitDriveUnit_UnitTest" name="run_harness_model_1" time="11.2103"/>
    <testcase classname="PowerSplitDriveUnit_UnitTest" name="run_harness_model_2_1" time="13.7966"/>
    <testcase classname="PowerSplitDriveUnit_UnitTest" name="run_harness_model_2_2" time="9.439"/>
    <testcase classname="PowerSplitDriveUnit_UnitTest" name="run_main_script_1" time="21.8538"/>
    <testcase classname="PowerSplitDriveUnit_UnitTest" name="run_script_1" time="11.5996"/>
    <testcase classname="PowerSplitDriveUnit_UnitTest" name="run_script_2" time="10.3767"/>
    <testcase classname="PowerSplitDriveUnit_UnitTest" name="run_script_3" time="11.3509"/>
    <testcase classname="PowerSplitDriveUnit_UnitTest" name="run_script_4" time="10.9795"/>
    <testcase classname="PowerSplitDriveUnit_UnitTest" name="run_script_5" time="10.9402"/>
    <testcase classname="PowerSplitDriveUnit_UnitTest" name="run_script_6" time="13.1111"/>
  </testsuite>
  <testsuite errors="0" failures="0" name="Vehicle1D_UnitTest" skipped="0" tests="14" time="70.2505">
    <testcase classname="Vehicle1D_UnitTest" name="blockParameters_Vehicle1D_Driveline" time="0.5497"/>
    <testcase classname="Vehicle1D_UnitTest" name="blockParameters_Vehicle1D_Custom" time="0.74312"/>
    <testcase classname="Vehicle1D_UnitTest" name="run_harness_model_1" time="5.6193"/>
    <testcase classname="Vehicle1D_UnitTest" name="block_info_script_1" time="1.5114"/>
    <testcase classname="Vehicle1D_UnitTest" name="input_Constant" time="0.091701"/>
    <testcase classname="Vehicle1D_UnitTest" name="input_Brake3" time="0.53741"/>
    <testcase classname="Vehicle1D_UnitTest" name="input_RoadGrade3" time="0.43135"/>
    <testcase classname="Vehicle1D_UnitTest" name="input_DriveAxle" time="1.5636"/>
    <testcase classname="Vehicle1D_UnitTest" name="run_testcase_2" time="7.4543"/>
    <testcase classname="Vehicle1D_UnitTest" name="run_testcase_3" time="3.5102"/>
    <testcase classname="Vehicle1D_UnitTest" name="run_testcase_4" time="3.2253"/>
    <testcase classname="Vehicle1D_UnitTest" name="run_testcase_5" time="4.8466"/>
    <testcase classname="Vehicle1D_UnitTest" name="run_main_script_1" time="25.1857"/>
    <testcase classname="Vehicle1D_UnitTest" name="harness_with_non_default_refsub_1" time="14.9809"/>
  </testsuite>
  <testsuite errors="0" failures="0" name="PowerSplitHEV_DirectInput_UnitTest" skipped="0" tests="15" time="411.8219">
    <testcase classname="PowerSplitHEV_DirectInput_UnitTest" name="openAndRun_1" time="20.4513"/>
    <testcase classname="PowerSplitHEV_DirectInput_UnitTest" name="openAndRun_2_1" time="15.6244"/>
    <testcase classname="PowerSplitHEV_DirectInput_UnitTest" name="openAndRun_2_2" time="15.2628"/>
    <testcase classname="PowerSplitHEV_DirectInput_UnitTest" name="runLiveScript_DirectInput_Constant" time="14.9586"/>
    <testcase classname="PowerSplitHEV_DirectInput_UnitTest" name="runLiveScript_DirectInput_Downhill" time="12.698"/>
    <testcase classname="PowerSplitHEV_DirectInput_UnitTest" name="runLiveScript_DirectInput_Downhill_2" time="12.8298"/>
    <testcase classname="PowerSplitHEV_DirectInput_UnitTest" name="runLiveScript_DirectInput_EngineDrive" time="14.1948"/>
    <testcase classname="PowerSplitHEV_DirectInput_UnitTest" name="runLiveScript_DirectInput_MG1Drive" time="15.7045"/>
    <testcase classname="PowerSplitHEV_DirectInput_UnitTest" name="runLiveScript_DirectInput_MG2Drive" time="14.4569"/>
    <testcase classname="PowerSplitHEV_DirectInput_UnitTest" name="runLiveScript_DirectInput_MG2Drive_2" time="15.7743"/>
    <testcase classname="PowerSplitHEV_DirectInput_UnitTest" name="runLiveScript_DirectInput_MG2Drive_StartEng" time="17.789"/>
    <testcase classname="PowerSplitHEV_DirectInput_UnitTest" name="runLiveScript_DirectInput_MG2Drive_StartEng_2" time="15.194"/>
    <testcase classname="PowerSplitHEV_DirectInput_UnitTest" name="runLiveScript_DirectInput_Parked_EngChgBatt" time="13.4382"/>
    <testcase classname="PowerSplitHEV_DirectInput_UnitTest" name="runLiveScript_DirectInput_PowerSplitDrive" time="12.3466"/>
    <testcase classname="PowerSplitHEV_DirectInput_UnitTest" name="runLiveScript_main_script" time="201.0986"/>
  </testsuite>
  <testsuite errors="0" failures="0" name="PowerSplitHEV_SpeedTracking_UnitTest" skipped="0" tests="10" time="628.7321">
    <testcase classname="PowerSplitHEV_SpeedTracking_UnitTest" name="openAndRun_1" time="27.3342"/>
    <testcase classname="PowerSplitHEV_SpeedTracking_UnitTest" name="openAndRun_2_1" time="26.7743"/>
    <testcase classname="PowerSplitHEV_SpeedTracking_UnitTest" name="openAndRun_2_2" time="26.097"/>
    <testcase classname="PowerSplitHEV_SpeedTracking_UnitTest" name="runLiveScript_basic" time="20.6647"/>
    <testcase classname="PowerSplitHEV_SpeedTracking_UnitTest" name="runLiveScript_highSpeed" time="26.9108"/>
    <testcase classname="PowerSplitHEV_SpeedTracking_UnitTest" name="runLiveScript_Accelerate_Decelerate" time="21.7892"/>
    <testcase classname="PowerSplitHEV_SpeedTracking_UnitTest" name="runLiveScript_SimpleDrivePattern" time="24.3666"/>
    <testcase classname="PowerSplitHEV_SpeedTracking_UnitTest" name="runLiveScript_FTP75" time="75.3572"/>
    <testcase classname="PowerSplitHEV_SpeedTracking_UnitTest" name="runLiveScript_main_script" time="271.0393"/>
    <testcase classname="PowerSplitHEV_SpeedTracking_UnitTest" name="runLiveScript_sweep" time="108.3988"/>
  </testsuite>
  <testsuite errors="0" failures="0" name="PowerSplitHEV_UnitTest" skipped="0" tests="3" time="115.1002">
    <testcase classname="PowerSplitHEV_UnitTest" name="run_system_model_1" time="26.9537"/>
    <testcase classname="PowerSplitHEV_UnitTest" name="run_report_script_1" time="9.1269"/>
    <testcase classname="PowerSplitHEV_UnitTest" name="run_main_script_1" time="79.0195"/>
  </testsuite>
</testsuites>
