<?xml version="1.0" encoding="UTF-8" standalone="no" ?>
<testsuites>
  <testsuite errors="0" failures="0" name="BatteryHV_UnitTest" skipped="0" tests="15" time="166.1071">
    <testcase classname="BatteryHV_UnitTest" name="blockParameters_BatteryHV_Basic" time="30.6139"/>
    <testcase classname="BatteryHV_UnitTest" name="blockParameters_BatteryHV_Driveline" time="2.1244"/>
    <testcase classname="BatteryHV_UnitTest" name="blockParameters_BatteryHV_Electrical" time="1.7258"/>
    <testcase classname="BatteryHV_UnitTest" name="run_harness_model_with_Basic_refsub" time="22.1408"/>
    <testcase classname="BatteryHV_UnitTest" name="run_harness_model_with_Driveline_refsub" time="6.6952"/>
    <testcase classname="BatteryHV_UnitTest" name="run_harness_model_with_Electrical_refsub" time="7.3031"/>
    <testcase classname="BatteryHV_UnitTest" name="input_Constant" time="0.02722"/>
    <testcase classname="BatteryHV_UnitTest" name="input_Charge" time="6.6089"/>
    <testcase classname="BatteryHV_UnitTest" name="input_Discharge" time="0.75298"/>
    <testcase classname="BatteryHV_UnitTest" name="input_LoadCurrentStep3" time="4.8041"/>
    <testcase classname="BatteryHV_UnitTest" name="run_testcase_Charge" time="7.1176"/>
    <testcase classname="BatteryHV_UnitTest" name="run_testcase_Discharge" time="4.3317"/>
    <testcase classname="BatteryHV_UnitTest" name="run_testcase_LoadCurrentStep3" time="3.6916"/>
    <testcase classname="BatteryHV_UnitTest" name="run_main_script_1" time="52.8156"/>
    <testcase classname="BatteryHV_UnitTest" name="run_takeScreenshots" time="15.3542"/>
  </testsuite>
  <testsuite errors="0" failures="0" name="DrivePattern_UnitTest" skipped="0" tests="16" time="70.5451">
    <testcase classname="DrivePattern_UnitTest" name="run_harness_model_1" time="17.9815"/>
    <testcase classname="DrivePattern_UnitTest" name="input_Constant" time="0.078999"/>
    <testcase classname="DrivePattern_UnitTest" name="input_Step3" time="0.49894"/>
    <testcase classname="DrivePattern_UnitTest" name="input_Step5" time="0.27601"/>
    <testcase classname="DrivePattern_UnitTest" name="input_Accelerate_Decelerate" time="2.0262"/>
    <testcase classname="DrivePattern_UnitTest" name="input_Accelerate_Decelerate_Twice" time="0.33392"/>
    <testcase classname="DrivePattern_UnitTest" name="input_SimpleDrivePattern" time="0.41868"/>
    <testcase classname="DrivePattern_UnitTest" name="input_FTP75" time="0.094502"/>
    <testcase classname="DrivePattern_UnitTest" name="run_testcase_1" time="8.9837"/>
    <testcase classname="DrivePattern_UnitTest" name="run_testcase_2" time="7.3762"/>
    <testcase classname="DrivePattern_UnitTest" name="run_testcase_3" time="5.2338"/>
    <testcase classname="DrivePattern_UnitTest" name="run_testcase_4" time="5.3327"/>
    <testcase classname="DrivePattern_UnitTest" name="run_testcase_5" time="4.8103"/>
    <testcase classname="DrivePattern_UnitTest" name="run_testcase_6" time="5.5624"/>
    <testcase classname="DrivePattern_UnitTest" name="run_testcase_7" time="5.0071"/>
    <testcase classname="DrivePattern_UnitTest" name="run_main_script_1" time="6.5301"/>
  </testsuite>
  <testsuite errors="0" failures="0" name="Engine_Component_UnitTest_MQC" skipped="0" tests="6" time="19.4584">
    <testcase classname="Engine_Component_UnitTest_MQC" name="MQC_run_Basic_params" time="0.007808"/>
    <testcase classname="Engine_Component_UnitTest_MQC" name="MQC_run_harness_model" time="5.9514"/>
    <testcase classname="Engine_Component_UnitTest_MQC" name="MQC_run_setup" time="0.004008"/>
    <testcase classname="Engine_Component_UnitTest_MQC" name="MQC_run_testcase_Constant" time="6.1572"/>
    <testcase classname="Engine_Component_UnitTest_MQC" name="MQC_run_testcase_StartEngine_1" time="3.7752"/>
    <testcase classname="Engine_Component_UnitTest_MQC" name="MQC_run_testcase_StartEngine_2" time="3.5628"/>
  </testsuite>
  <testsuite errors="0" failures="0" name="MotorDriveUnit_Component_UnitTest_MQC" skipped="0" tests="5" time="20.3797">
    <testcase classname="MotorDriveUnit_Component_UnitTest_MQC" name="MQC_run_Basic_params" time="0.002841"/>
    <testcase classname="MotorDriveUnit_Component_UnitTest_MQC" name="MQC_run_harness_model_with_Basic_refsub" time="5.8629"/>
    <testcase classname="MotorDriveUnit_Component_UnitTest_MQC" name="MQC_run_setup" time="0.008039"/>
    <testcase classname="MotorDriveUnit_Component_UnitTest_MQC" name="MQC_run_testcase_Constant" time="9.2425"/>
    <testcase classname="MotorDriveUnit_Component_UnitTest_MQC" name="MQC_run_testcase_Drive" time="5.2634"/>
  </testsuite>
  <testsuite errors="0" failures="0" name="MotorGenerator1_Component_UnitTest_MQC" skipped="0" tests="7" time="30.5916">
    <testcase classname="MotorGenerator1_Component_UnitTest_MQC" name="MQC_run_Basic_params" time="0.003952"/>
    <testcase classname="MotorGenerator1_Component_UnitTest_MQC" name="MQC_run_harness_model" time="6.0416"/>
    <testcase classname="MotorGenerator1_Component_UnitTest_MQC" name="MQC_run_setup" time="0.008507"/>
    <testcase classname="MotorGenerator1_Component_UnitTest_MQC" name="MQC_run_testcase_Constant" time="7.9134"/>
    <testcase classname="MotorGenerator1_Component_UnitTest_MQC" name="MQC_run_testcase_Generate" time="5.5353"/>
    <testcase classname="MotorGenerator1_Component_UnitTest_MQC" name="MQC_run_testcase_StartEngine" time="5.4859"/>
    <testcase classname="MotorGenerator1_Component_UnitTest_MQC" name="MQC_run_testcase_StopEngine" time="5.603"/>
  </testsuite>
  <testsuite errors="0" failures="0" name="MotorGenerator2_Component_UnitTest_MQC" skipped="0" tests="6" time="28.1023">
    <testcase classname="MotorGenerator2_Component_UnitTest_MQC" name="MQC_run_Basic_params" time="0.010877"/>
    <testcase classname="MotorGenerator2_Component_UnitTest_MQC" name="MQC_run_harness_model" time="5.926"/>
    <testcase classname="MotorGenerator2_Component_UnitTest_MQC" name="MQC_run_setup" time="0.002996"/>
    <testcase classname="MotorGenerator2_Component_UnitTest_MQC" name="MQC_run_testcase_Constant" time="9.8279"/>
    <testcase classname="MotorGenerator2_Component_UnitTest_MQC" name="MQC_run_testcase_Drive" time="6.6083"/>
    <testcase classname="MotorGenerator2_Component_UnitTest_MQC" name="MQC_run_testcase_Regen" time="5.7263"/>
  </testsuite>
  <testsuite errors="0" failures="0" name="PowerSplitGeartrain_Component_UnitTest_MQC" skipped="0" tests="8" time="35.4247">
    <testcase classname="PowerSplitGeartrain_Component_UnitTest_MQC" name="MQC_run_Basic_params" time="0.00747"/>
    <testcase classname="PowerSplitGeartrain_Component_UnitTest_MQC" name="MQC_run_harness_model_with_Basic_refsub" time="4.4815"/>
    <testcase classname="PowerSplitGeartrain_Component_UnitTest_MQC" name="MQC_run_setup" time="0.007081"/>
    <testcase classname="PowerSplitGeartrain_Component_UnitTest_MQC" name="MQC_run_testcase_Constant" time="6.2549"/>
    <testcase classname="PowerSplitGeartrain_Component_UnitTest_MQC" name="MQC_run_testcase_Engine" time="6.0161"/>
    <testcase classname="PowerSplitGeartrain_Component_UnitTest_MQC" name="MQC_run_testcase_MG1" time="6.2024"/>
    <testcase classname="PowerSplitGeartrain_Component_UnitTest_MQC" name="MQC_run_testcase_MG2" time="6.2755"/>
    <testcase classname="PowerSplitGeartrain_Component_UnitTest_MQC" name="MQC_run_testcase_VehSpd" time="6.1798"/>
  </testsuite>
  <testsuite errors="0" failures="0" name="PowerSplitDriveUnit_Component_UnitTest_MQC" skipped="0" tests="13" time="106.6192">
    <testcase classname="PowerSplitDriveUnit_Component_UnitTest_MQC" name="MQC_run_Basic_params" time="0.014739"/>
    <testcase classname="PowerSplitDriveUnit_Component_UnitTest_MQC" name="MQC_run_harness_model_with_Basic_refsub" time="9.8351"/>
    <testcase classname="PowerSplitDriveUnit_Component_UnitTest_MQC" name="MQC_run_setup" time="0.022714"/>
    <testcase classname="PowerSplitDriveUnit_Component_UnitTest_MQC" name="MQC_run_testcase_Accelerate" time="13.2873"/>
    <testcase classname="PowerSplitDriveUnit_Component_UnitTest_MQC" name="MQC_run_testcase_Constant" time="10.199"/>
    <testcase classname="PowerSplitDriveUnit_Component_UnitTest_MQC" name="MQC_run_testcase_DriveEngine" time="9.9985"/>
    <testcase classname="PowerSplitDriveUnit_Component_UnitTest_MQC" name="MQC_run_testcase_DriveMG1" time="10.3817"/>
    <testcase classname="PowerSplitDriveUnit_Component_UnitTest_MQC" name="MQC_run_testcase_DriveMG2" time="10.4956"/>
    <testcase classname="PowerSplitDriveUnit_Component_UnitTest_MQC" name="MQC_run_testcase_DriveMG2Engine" time="9.6076"/>
    <testcase classname="PowerSplitDriveUnit_Component_UnitTest_MQC" name="MQC_run_testcase_DrivePowerSplit" time="10.5093"/>
    <testcase classname="PowerSplitDriveUnit_Component_UnitTest_MQC" name="MQC_run_testcase_StandStillGenerate" time="9.4498"/>
    <testcase classname="PowerSplitDriveUnit_Component_UnitTest_MQC" name="MQC_run_testcase_StopCharging" time="9.3068"/>
    <testcase classname="PowerSplitDriveUnit_Component_UnitTest_MQC" name="MQC_run_harness_reset" time="3.511"/>
  </testsuite>
  <testsuite errors="0" failures="0" name="Vehicle1D_Component_UnitTest_MQC" skipped="0" tests="7" time="16.7465">
    <testcase classname="Vehicle1D_Component_UnitTest_MQC" name="MQC_run_Basic_params" time="0.006458"/>
    <testcase classname="Vehicle1D_Component_UnitTest_MQC" name="MQC_run_harness_model_with_Basic_refsub" time="3.6165"/>
    <testcase classname="Vehicle1D_Component_UnitTest_MQC" name="MQC_run_setup" time="0.002756"/>
    <testcase classname="Vehicle1D_Component_UnitTest_MQC" name="MQC_run_testcase_Brake" time="5.353"/>
    <testcase classname="Vehicle1D_Component_UnitTest_MQC" name="MQC_run_testcase_Coastdown" time="3.8164"/>
    <testcase classname="Vehicle1D_Component_UnitTest_MQC" name="MQC_run_testcase_Constant" time="3.0963"/>
    <testcase classname="Vehicle1D_Component_UnitTest_MQC" name="MQC_run_harness_reset" time="0.85502"/>
  </testsuite>
  <testsuite errors="0" failures="0" name="PowerSplitHEV_DirectInput_UnitTest" skipped="0" tests="14" time="373.3847">
    <testcase classname="PowerSplitHEV_DirectInput_UnitTest" name="openAndRun_1" time="22.5436"/>
    <testcase classname="PowerSplitHEV_DirectInput_UnitTest" name="openAndRun_2_1" time="16.8349"/>
    <testcase classname="PowerSplitHEV_DirectInput_UnitTest" name="openAndRun_2_2" time="14.0656"/>
    <testcase classname="PowerSplitHEV_DirectInput_UnitTest" name="runLiveScript_DirectInput_Constant" time="14.2183"/>
    <testcase classname="PowerSplitHEV_DirectInput_UnitTest" name="runLiveScript_DirectInput_Downhill" time="11.718"/>
    <testcase classname="PowerSplitHEV_DirectInput_UnitTest" name="runLiveScript_DirectInput_Downhill_2" time="10.9702"/>
    <testcase classname="PowerSplitHEV_DirectInput_UnitTest" name="runLiveScript_DirectInput_EngineDrive" time="9.9794"/>
    <testcase classname="PowerSplitHEV_DirectInput_UnitTest" name="runLiveScript_DirectInput_MG1Drive" time="12.8233"/>
    <testcase classname="PowerSplitHEV_DirectInput_UnitTest" name="runLiveScript_DirectInput_MG2Drive" time="11.593"/>
    <testcase classname="PowerSplitHEV_DirectInput_UnitTest" name="runLiveScript_DirectInput_MG2Drive_2" time="11.4802"/>
    <testcase classname="PowerSplitHEV_DirectInput_UnitTest" name="runLiveScript_DirectInput_MG2Drive_StartEng" time="9.7088"/>
    <testcase classname="PowerSplitHEV_DirectInput_UnitTest" name="runLiveScript_DirectInput_MG2Drive_StartEng_2" time="9.6395"/>
    <testcase classname="PowerSplitHEV_DirectInput_UnitTest" name="runLiveScript_DirectInput_PowerSplitDrive" time="10.8031"/>
    <testcase classname="PowerSplitHEV_DirectInput_UnitTest" name="runLiveScript_main_script" time="207.007"/>
  </testsuite>
  <testsuite errors="0" failures="0" name="PowerSplitHEV_SpeedTracking_UnitTest" skipped="0" tests="8" time="589.5012">
    <testcase classname="PowerSplitHEV_SpeedTracking_UnitTest" name="openAndRun_1" time="28.7649"/>
    <testcase classname="PowerSplitHEV_SpeedTracking_UnitTest" name="runLiveScript_basic" time="17.3293"/>
    <testcase classname="PowerSplitHEV_SpeedTracking_UnitTest" name="runLiveScript_highSpeed" time="22.4555"/>
    <testcase classname="PowerSplitHEV_SpeedTracking_UnitTest" name="runLiveScript_Accelerate_Decelerate" time="19.0516"/>
    <testcase classname="PowerSplitHEV_SpeedTracking_UnitTest" name="runLiveScript_SimpleDrivePattern" time="20.5239"/>
    <testcase classname="PowerSplitHEV_SpeedTracking_UnitTest" name="runLiveScript_FTP75" time="60.4013"/>
    <testcase classname="PowerSplitHEV_SpeedTracking_UnitTest" name="runLiveScript_main_script" time="340.8424"/>
    <testcase classname="PowerSplitHEV_SpeedTracking_UnitTest" name="runLiveScript_sweep" time="80.1321"/>
  </testsuite>
  <testsuite errors="2" failures="0" name="PowerSplitHEV_UnitTest" skipped="0" tests="3" time="65.5801">
    <testcase classname="PowerSplitHEV_UnitTest" name="run_system_model_1" time="22.1676"/>
    <testcase classname="PowerSplitHEV_UnitTest" name="run_report_script_1" time="4.1524">
      <error>Error occurred in PowerSplitHEV_UnitTest/run_report_script_1 and it did not run to completion.
    ---------
    Error ID:
    ---------
    'MATLAB:undefinedVarOrClass'
    --------------
    Error Details:
    --------------
    Unable to resolve the name 'Vehicle1DUtility.getVehicle1DDrivelineBlockInfo'.
    
    Error in PowerSplitHEV_reportBlockProperty (line 20)
    block_info = Vehicle1DUtility.getVehicle1DDrivelineBlockInfo(gcbh);
    
    Error in PowerSplitHEV_UnitTest/run_report_script_1 (line 42)
      PowerSplitHEV_reportBlockProperty</error>
    </testcase>
    <testcase classname="PowerSplitHEV_UnitTest" name="run_main_script_1" time="39.2601">
      <error>Error occurred in PowerSplitHEV_UnitTest/run_main_script_1 and it did not run to completion.
    ---------
    Error ID:
    ---------
    'glue2:portal:CannotSaveFile_InvalidParentDir'
    --------------
    Error Details:
    --------------
    Error using print
    Cannot save file
    '/mathworks/devel/sandbox/isaacito/github-hev/hev-22b/utils/image_PowerSplitHEV_system_model.png'
    because the parent directory does not exist
    
    Error in screenshotSimulink (line 117)
      print("-s" + subsystemFullPath, ...
    
    Error in PowerSplitHEV_main_script (line 6)
    screenshotSimulink( ...
    
    Error in PowerSplitHEV_UnitTest/run_main_script_1 (line 51)
      PowerSplitHEV_main_script</error>
    </testcase>
  </testsuite>
  <testsuite errors="1" failures="0" name="HEV_System_UnitTest_MQC" skipped="0" tests="4" time="120.9118">
    <testcase classname="HEV_System_UnitTest_MQC" name="MQC_run_main_script" time="69.0423"/>
    <testcase classname="HEV_System_UnitTest_MQC" name="MQC_run_CheckProject" time="51.3484">
      <error>Error occurred in HEV_System_UnitTest_MQC/MQC_run_CheckProject and it did not run to completion.
    ---------
    Error ID:
    ---------
    'MATLAB:assertion:failed'
    --------------
    Error Details:
    --------------
    Error using assert
    Assertion failed.
    
    Error in HEVPorject_CheckProject (line 8)
    assert(all(resultTable.Passed==true))
    
    Error in HEV_System_UnitTest_MQC/MQC_run_CheckProject (line 33)
      HEVPorject_CheckProject</error>
    </testcase>
    <testcase classname="HEV_System_UnitTest_MQC" name="MQC_run_openFile" time="0.20444"/>
    <testcase classname="HEV_System_UnitTest_MQC" name="MQC_run_openFile_main_script" time="0.31665"/>
  </testsuite>
</testsuites>
